
> supabase-frontend@0.0.0 start
> ng serve

- Generating browser application bundles (phase: setup)...
✔ Browser application bundle generation complete.

Initial Chunk Files                                             | Names         |  Raw Size
vendor.js                                                       | vendor        |   2.98 MB |
polyfills.js                                                    | polyfills     | 332.08 kB |
styles.css, styles.js                                           | styles        | 234.86 kB |
main.js                                                         | main          |  63.13 kB |
runtime.js                                                      | runtime       |  14.15 kB |

| Initial Total |   3.61 MB

Lazy Chunk Files                                                | Names         |  Raw Size
node_modules_supabase_realtime-js_node_modules_ws_browser_js.js | ws            | 691 bytes |

Build at: 2024-09-09T14:08:31.381Z - Hash: 2808e61541f80ab1 - Time: 8881ms

Warning: /home/ibixler/Music-Visualization-MQP-Code/frontend/node_modules/@supabase/realtime-js/dist/module/RealtimeClient.js depends on 'ws'. CommonJS or AMD dependencies can cause optimization bailouts.
For more info see: https://angular.io/guide/build#configuring-commonjs-dependencies



** Angular Live Development Server is listening on localhost:4200, open your browser on http://localhost:4200/ **


✔ Compiled successfully.

> supabase-frontend@0.0.0 start
> ng serve

? Port 4200 is already in use.
Would you like to use a different port? (Y/n) [46D[46C
> supabase-frontend@0.0.0 start
> ng serve

- Generating browser application bundles (phase: setup)...
✔ Browser application bundle generation complete.

Initial Chunk Files                                             | Names         |  Raw Size
vendor.js                                                       | vendor        |   2.98 MB |
polyfills.js                                                    | polyfills     | 332.08 kB |
styles.css, styles.js                                           | styles        | 234.86 kB |
main.js                                                         | main          |  63.13 kB |
runtime.js                                                      | runtime       |  14.15 kB |

| Initial Total |   3.61 MB

Lazy Chunk Files                                                | Names         |  Raw Size
node_modules_supabase_realtime-js_node_modules_ws_browser_js.js | ws            | 691 bytes |

Build at: 2024-09-09T14:14:33.286Z - Hash: 2808e61541f80ab1 - Time: 3628ms

Warning: /home/ibixler/Music-Visualization-MQP-Code/frontend/node_modules/@supabase/realtime-js/dist/module/RealtimeClient.js depends on 'ws'. CommonJS or AMD dependencies can cause optimization bailouts.
For more info see: https://angular.io/guide/build#configuring-commonjs-dependencies



** Angular Live Development Server is listening on localhost:4200, open your browser on http://localhost:4200/ **


✔ Compiled successfully.
